<?xml version="1.0" encoding="UTF-8"?>
<robot generator="Robot 7.0.1 (Python 3.12.4 on darwin)" generated="2024-07-01T23:33:25.663240" rpa="false" schemaversion="5">
<suite id="s1" name="Tc" source="/Users/shilpashreemr/PycharmProjects/NewProj/TestCases/tc.robot">
<test id="s1-t1" name="SearchTest" line="11">
<kw name="Open Browser" owner="SeleniumLibrary">
<msg time="2024-07-01T23:33:25.805760" level="INFO">Opening browser 'safari' to base url 'https://www.practo.com'.</msg>
<msg time="2024-07-01T23:33:26.027100" level="INFO">Cannot capture screenshot because no browser is open.</msg>
<msg time="2024-07-01T23:33:26.027899" level="FAIL">WebDriverException: Message: Service /usr/bin/safaridriver unexpectedly exited. Status code was: 1
</msg>
<arg>https://www.practo.com</arg>
<arg>safari</arg>
<doc>Opens a new browser instance to the optional ``url``.</doc>
<status status="FAIL" start="2024-07-01T23:33:25.805578" elapsed="0.225588">WebDriverException: Message: Service /usr/bin/safaridriver unexpectedly exited. Status code was: 1
</status>
</kw>
<kw name="Maximize Browser Window" owner="SeleniumLibrary">
<doc>Maximizes current browser window.</doc>
<status status="NOT RUN" start="2024-07-01T23:33:26.031853" elapsed="0.000078"/>
</kw>
<kw name="Input Text" owner="SeleniumLibrary">
<arg>xpath://*[@id="c-omni-container"]/div/div[2]/div[1]/input</arg>
<arg>Dentist</arg>
<doc>Types the given ``text`` into the text field identified by ``locator``.</doc>
<status status="NOT RUN" start="2024-07-01T23:33:26.032151" elapsed="0.000048"/>
</kw>
<kw name="Sleep" owner="BuiltIn">
<arg>10s</arg>
<doc>Pauses the test executed for the given time.</doc>
<status status="NOT RUN" start="2024-07-01T23:33:26.032412" elapsed="0.000043"/>
</kw>
<kw name="Click Element" owner="SeleniumLibrary">
<arg>xpath://div[@data-qa-id='omni-suggestion-listing']</arg>
<doc>Click the element identified by ``locator``.</doc>
<status status="NOT RUN" start="2024-07-01T23:33:26.032661" elapsed="0.000050"/>
</kw>
<kw name="Sleep" owner="BuiltIn">
<arg>10s</arg>
<doc>Pauses the test executed for the given time.</doc>
<status status="NOT RUN" start="2024-07-01T23:33:26.032893" elapsed="0.000042"/>
</kw>
<kw name="Click Button" owner="SeleniumLibrary">
<arg>xpath://button[@data-qa-id='book_button']</arg>
<doc>Clicks the button identified by ``locator``.</doc>
<status status="NOT RUN" start="2024-07-01T23:33:26.033113" elapsed="0.000039"/>
</kw>
<status status="FAIL" start="2024-07-01T23:33:25.804897" elapsed="0.228632">WebDriverException: Message: Service /usr/bin/safaridriver unexpectedly exited. Status code was: 1
</status>
</test>
<status status="FAIL" start="2024-07-01T23:33:25.664655" elapsed="0.369481"/>
</suite>
<statistics>
<total>
<stat pass="0" fail="1" skip="0">All Tests</stat>
</total>
<tag>
</tag>
<suite>
<stat pass="0" fail="1" skip="0" id="s1" name="Tc">Tc</stat>
</suite>
</statistics>
<errors>
</errors>
</robot>
